11:58:41 **** Incremental Build of configuration Debug for project ALGORITMA ****
make -j4 all 
arm-none-eabi-gcc "../Core/Src/main.c" -mcpu=cortex-m0plus -std=gnu11 -g3 -DDEBUG -DUSE_HAL_DRIVER -DSTM32L010x6 -c -I../Core/Inc -I../Drivers/STM32L0xx_HAL_Driver/Inc -I../Drivers/STM32L0xx_HAL_Driver/Inc/Legacy -I../Drivers/CMSIS/Device/ST/STM32L0xx/Include -I../Drivers/CMSIS/Include -O0 -ffunction-sections -fdata-sections -Wall -fstack-usage -MMD -MP -MF"Core/Src/main.d" -MT"Core/Src/main.o" --specs=nano.specs -mfloat-abi=soft -mthumb -o "Core/Src/main.o"
../Core/Src/main.c:88:25: error: expected expression before ']' token
   88 | int bufferp[] = &buffer[];
      |                         ^
../Core/Src/main.c: In function 'enbuyukcarpim':
../Core/Src/main.c:261:3: warning: control reaches end of non-void function [-Wreturn-type]
  261 |   }
      |   ^
At top level:
../Core/Src/main.c:224:13: warning: 'MX_GPIO_Init' defined but not used [-Wunused-function]
  224 | static void MX_GPIO_Init(void)
      |             ^~~~~~~~~~~~
../Core/Src/main.c:190:13: warning: 'MX_LPUART1_UART_Init' defined but not used [-Wunused-function]
  190 | static void MX_LPUART1_UART_Init(void)
      |             ^~~~~~~~~~~~~~~~~~~~
make: *** [Core/Src/subdir.mk:34: Core/Src/main.o] Error 1
"make -j4 all" terminated with exit code 2. Build might be incomplete.
11:59:55 **** Incremental Build of configuration Debug for project ALGORITMA ****
make -j4 all 
arm-none-eabi-gcc "../Core/Src/main.c" -mcpu=cortex-m0plus -std=gnu11 -g3 -DDEBUG -DUSE_HAL_DRIVER -DSTM32L010x6 -c -I../Core/Inc -I../Drivers/STM32L0xx_HAL_Driver/Inc -I../Drivers/STM32L0xx_HAL_Driver/Inc/Legacy -I../Drivers/CMSIS/Device/ST/STM32L0xx/Include -I../Drivers/CMSIS/Include -O0 -ffunction-sections -fdata-sections -Wall -fstack-usage -MMD -MP -MF"Core/Src/main.d" -MT"Core/Src/main.o" --specs=nano.specs -mfloat-abi=soft -mthumb -o "Core/Src/main.o"
../Core/Src/main.c:88:25: error: expected expression before ']' token
   88 | int bufferp[] = &buffer[];
      |                         ^
../Core/Src/main.c: In function 'enbuyukcarpim':
../Core/Src/main.c:255:41: error: subscripted value is neither array nor pointer nor vector
  255 |      printf("Dizi uzunluğu: %d", buffer[0]);
      |                                         ^
../Core/Src/main.c:29:56: note: in definition of macro 'printf'
   29 |                                   sprintf((char*)u_buf,__VA_ARGS__), 0xFFFF);
      |                                                        ^~~~~~~~~~~
../Core/Src/main.c:255:13: warning: format '%d' expects argument of type 'int', but argument 3 has type 'int *' [-Wformat=]
  255 |      printf("Dizi uzunluğu: %d", buffer[0]);
      |             ^~~~~~~~~~~~~~~~~~~~  ~~~~~~~~~
      |                                   |
      |                                   int *
../Core/Src/main.c:29:56: note: in definition of macro 'printf'
   29 |                                   sprintf((char*)u_buf,__VA_ARGS__), 0xFFFF);
      |                                                        ^~~~~~~~~~~
../Core/Src/main.c:255:31: note: format string is defined here
  255 |      printf("Dizi uzunluğu: %d", buffer[0]);
      |                              ~^
      |                               |
      |                               int
      |                              %ls
../Core/Src/main.c:262:3: warning: control reaches end of non-void function [-Wreturn-type]
  262 |   }
      |   ^
At top level:
../Core/Src/main.c:224:13: warning: 'MX_GPIO_Init' defined but not used [-Wunused-function]
  224 | static void MX_GPIO_Init(void)
      |             ^~~~~~~~~~~~
../Core/Src/main.c:190:13: warning: 'MX_LPUART1_UART_Init' defined but not used [-Wunused-function]
  190 | static void MX_LPUART1_UART_Init(void)
      |             ^~~~~~~~~~~~~~~~~~~~
make: *** [Core/Src/subdir.mk:34: Core/Src/main.o] Error 1
"make -j4 all" terminated with exit code 2. Build might be incomplete.
12:00:02 **** Incremental Build of configuration Debug for project ALGORITMA ****
make -j4 all 
arm-none-eabi-gcc "../Core/Src/main.c" -mcpu=cortex-m0plus -std=gnu11 -g3 -DDEBUG -DUSE_HAL_DRIVER -DSTM32L010x6 -c -I../Core/Inc -I../Drivers/STM32L0xx_HAL_Driver/Inc -I../Drivers/STM32L0xx_HAL_Driver/Inc/Legacy -I../Drivers/CMSIS/Device/ST/STM32L0xx/Include -I../Drivers/CMSIS/Include -O0 -ffunction-sections -fdata-sections -Wall -fstack-usage -MMD -MP -MF"Core/Src/main.d" -MT"Core/Src/main.o" --specs=nano.specs -mfloat-abi=soft -mthumb -o "Core/Src/main.o"
../Core/Src/main.c: In function 'main':
../Core/Src/main.c:125:15: warning: passing argument 1 of 'enbuyukcarpim' makes integer from pointer without a cast [-Wint-conversion]
  125 | enbuyukcarpim(buffer, 15);
      |               ^~~~~~
      |               |
      |               uint8_t * {aka unsigned char *}
../Core/Src/main.c:124:29: note: expected 'uint8_t' {aka 'unsigned char'} but argument is of type 'uint8_t *' {aka 'unsigned char *'}
  124 |   int enbuyukcarpim(uint8_t buffer,int carpilacaksayi);
      |                     ~~~~~~~~^~~~~~
../Core/Src/main.c: In function 'enbuyukcarpim':
../Core/Src/main.c:255:41: error: subscripted value is neither array nor pointer nor vector
  255 |      printf("Dizi uzunluğu: %d", buffer[0]);
      |                                         ^
../Core/Src/main.c:29:56: note: in definition of macro 'printf'
   29 |                                   sprintf((char*)u_buf,__VA_ARGS__), 0xFFFF);
      |                                                        ^~~~~~~~~~~
../Core/Src/main.c:262:3: warning: control reaches end of non-void function [-Wreturn-type]
  262 |   }
      |   ^
make: *** [Core/Src/subdir.mk:34: Core/Src/main.o] Error 1
"make -j4 all" terminated with exit code 2. Build might be incomplete.
12:00:03 **** Incremental Build of configuration Debug for project ALGORITMA ****
make -j4 all 
arm-none-eabi-gcc "../Core/Src/main.c" -mcpu=cortex-m0plus -std=gnu11 -g3 -DDEBUG -DUSE_HAL_DRIVER -DSTM32L010x6 -c -I../Core/Inc -I../Drivers/STM32L0xx_HAL_Driver/Inc -I../Drivers/STM32L0xx_HAL_Driver/Inc/Legacy -I../Drivers/CMSIS/Device/ST/STM32L0xx/Include -I../Drivers/CMSIS/Include -O0 -ffunction-sections -fdata-sections -Wall -fstack-usage -MMD -MP -MF"Core/Src/main.d" -MT"Core/Src/main.o" --specs=nano.specs -mfloat-abi=soft -mthumb -o "Core/Src/main.o"
../Core/Src/main.c: In function 'main':
../Core/Src/main.c:125:15: warning: passing argument 1 of 'enbuyukcarpim' makes integer from pointer without a cast [-Wint-conversion]
  125 | enbuyukcarpim(buffer, 15);
      |               ^~~~~~
      |               |
      |               uint8_t * {aka unsigned char *}
../Core/Src/main.c:124:29: note: expected 'uint8_t' {aka 'unsigned char'} but argument is of type 'uint8_t *' {aka 'unsigned char *'}
  124 |   int enbuyukcarpim(uint8_t buffer,int carpilacaksayi);
      |                     ~~~~~~~~^~~~~~
../Core/Src/main.c: In function 'enbuyukcarpim':
../Core/Src/main.c:255:41: error: subscripted value is neither array nor pointer nor vector
  255 |      printf("Dizi uzunluğu: %d", buffer[0]);
      |                                         ^
../Core/Src/main.c:29:56: note: in definition of macro 'printf'
   29 |                                   sprintf((char*)u_buf,__VA_ARGS__), 0xFFFF);
      |                                                        ^~~~~~~~~~~
../Core/Src/main.c:262:3: warning: control reaches end of non-void function [-Wreturn-type]
  262 |   }
      |   ^
make: *** [Core/Src/subdir.mk:34: Core/Src/main.o] Error 1
"make -j4 all" terminated with exit code 2. Build might be incomplete.
12:00:23 **** Incremental Build of configuration Debug for project ALGORITMA ****
make -j4 all 
arm-none-eabi-gcc "../Core/Src/main.c" -mcpu=cortex-m0plus -std=gnu11 -g3 -DDEBUG -DUSE_HAL_DRIVER -DSTM32L010x6 -c -I../Core/Inc -I../Drivers/STM32L0xx_HAL_Driver/Inc -I../Drivers/STM32L0xx_HAL_Driver/Inc/Legacy -I../Drivers/CMSIS/Device/ST/STM32L0xx/Include -I../Drivers/CMSIS/Include -O0 -ffunction-sections -fdata-sections -Wall -fstack-usage -MMD -MP -MF"Core/Src/main.d" -MT"Core/Src/main.o" --specs=nano.specs -mfloat-abi=soft -mthumb -o "Core/Src/main.o"
../Core/Src/main.c: In function 'main':
../Core/Src/main.c:125:15: warning: passing argument 1 of 'enbuyukcarpim' makes integer from pointer without a cast [-Wint-conversion]
  125 | enbuyukcarpim(buffer, 15);
      |               ^~~~~~
      |               |
      |               uint8_t * {aka unsigned char *}
../Core/Src/main.c:124:29: note: expected 'uint8_t' {aka 'unsigned char'} but argument is of type 'uint8_t *' {aka 'unsigned char *'}
  124 |   int enbuyukcarpim(uint8_t buffer,int carpilacaksayi);
      |                     ~~~~~~~~^~~~~~
../Core/Src/main.c: In function 'enbuyukcarpim':
../Core/Src/main.c:255:40: error: subscripted value is neither array nor pointer nor vector
  255 |      printf("Dizi uzunlugu: %d", buffer[0]);
      |                                        ^
../Core/Src/main.c:29:56: note: in definition of macro 'printf'
   29 |                                   sprintf((char*)u_buf,__VA_ARGS__), 0xFFFF);
      |                                                        ^~~~~~~~~~~
../Core/Src/main.c:262:3: warning: control reaches end of non-void function [-Wreturn-type]
  262 |   }
      |   ^
make: *** [Core/Src/subdir.mk:34: Core/Src/main.o] Error 1
"make -j4 all" terminated with exit code 2. Build might be incomplete.
12:00:39 **** Incremental Build of configuration Debug for project ALGORITMA ****
make -j4 all 
arm-none-eabi-gcc "../Core/Src/main.c" -mcpu=cortex-m0plus -std=gnu11 -g3 -DDEBUG -DUSE_HAL_DRIVER -DSTM32L010x6 -c -I../Core/Inc -I../Drivers/STM32L0xx_HAL_Driver/Inc -I../Drivers/STM32L0xx_HAL_Driver/Inc/Legacy -I../Drivers/CMSIS/Device/ST/STM32L0xx/Include -I../Drivers/CMSIS/Include -O0 -ffunction-sections -fdata-sections -Wall -fstack-usage -MMD -MP -MF"Core/Src/main.d" -MT"Core/Src/main.o" --specs=nano.specs -mfloat-abi=soft -mthumb -o "Core/Src/main.o"
../Core/Src/main.c: In function 'main':
../Core/Src/main.c:125:15: warning: passing argument 1 of 'enbuyukcarpim' makes integer from pointer without a cast [-Wint-conversion]
  125 | enbuyukcarpim(buffer, 15);
      |               ^~~~~~
      |               |
      |               uint8_t * {aka unsigned char *}
../Core/Src/main.c:124:29: note: expected 'uint8_t' {aka 'unsigned char'} but argument is of type 'uint8_t *' {aka 'unsigned char *'}
  124 |   int enbuyukcarpim(uint8_t buffer,int carpilacaksayi);
      |                     ~~~~~~~~^~~~~~
../Core/Src/main.c: In function 'enbuyukcarpim':
../Core/Src/main.c:255:19: error: subscripted value is neither array nor pointer nor vector
  255 |      printf(buffer[0]);
      |                   ^
../Core/Src/main.c:29:56: note: in definition of macro 'printf'
   29 |                                   sprintf((char*)u_buf,__VA_ARGS__), 0xFFFF);
      |                                                        ^~~~~~~~~~~
../Core/Src/main.c:262:3: warning: control reaches end of non-void function [-Wreturn-type]
  262 |   }
      |   ^
make: *** [Core/Src/subdir.mk:34: Core/Src/main.o] Error 1
"make -j4 all" terminated with exit code 2. Build might be incomplete.
12:00:52 **** Incremental Build of configuration Debug for project ALGORITMA ****
make -j4 all 
arm-none-eabi-gcc "../Core/Src/main.c" -mcpu=cortex-m0plus -std=gnu11 -g3 -DDEBUG -DUSE_HAL_DRIVER -DSTM32L010x6 -c -I../Core/Inc -I../Drivers/STM32L0xx_HAL_Driver/Inc -I../Drivers/STM32L0xx_HAL_Driver/Inc/Legacy -I../Drivers/CMSIS/Device/ST/STM32L0xx/Include -I../Drivers/CMSIS/Include -O0 -ffunction-sections -fdata-sections -Wall -fstack-usage -MMD -MP -MF"Core/Src/main.d" -MT"Core/Src/main.o" --specs=nano.specs -mfloat-abi=soft -mthumb -o "Core/Src/main.o"
../Core/Src/main.c: In function 'main':
../Core/Src/main.c:125:15: warning: passing argument 1 of 'enbuyukcarpim' makes integer from pointer without a cast [-Wint-conversion]
  125 | enbuyukcarpim(buffer, 15);
      |               ^~~~~~
      |               |
      |               uint8_t * {aka unsigned char *}
../Core/Src/main.c:124:29: note: expected 'uint8_t' {aka 'unsigned char'} but argument is of type 'uint8_t *' {aka 'unsigned char *'}
  124 |   int enbuyukcarpim(uint8_t buffer,int carpilacaksayi);
      |                     ~~~~~~~~^~~~~~
../Core/Src/main.c: In function 'enbuyukcarpim':
../Core/Src/main.c:255:19: error: subscripted value is neither array nor pointer nor vector
  255 |      printf(buffer[k]);
      |                   ^
../Core/Src/main.c:29:56: note: in definition of macro 'printf'
   29 |                                   sprintf((char*)u_buf,__VA_ARGS__), 0xFFFF);
      |                                                        ^~~~~~~~~~~
../Core/Src/main.c:262:3: warning: control reaches end of non-void function [-Wreturn-type]
  262 |   }
      |   ^
make: *** [Core/Src/subdir.mk:34: Core/Src/main.o] Error 1
"make -j4 all" terminated with exit code 2. Build might be incomplete.
12:01:18 **** Incremental Build of configuration Debug for project ALGORITMA ****
make -j4 all 
arm-none-eabi-gcc "../Core/Src/main.c" -mcpu=cortex-m0plus -std=gnu11 -g3 -DDEBUG -DUSE_HAL_DRIVER -DSTM32L010x6 -c -I../Core/Inc -I../Drivers/STM32L0xx_HAL_Driver/Inc -I../Drivers/STM32L0xx_HAL_Driver/Inc/Legacy -I../Drivers/CMSIS/Device/ST/STM32L0xx/Include -I../Drivers/CMSIS/Include -O0 -ffunction-sections -fdata-sections -Wall -fstack-usage -MMD -MP -MF"Core/Src/main.d" -MT"Core/Src/main.o" --specs=nano.specs -mfloat-abi=soft -mthumb -o "Core/Src/main.o"
../Core/Src/main.c: In function 'main':
../Core/Src/main.c:125:15: warning: passing argument 1 of 'enbuyukcarpim' makes integer from pointer without a cast [-Wint-conversion]
  125 | enbuyukcarpim(buffer, 15);
      |               ^~~~~~
      |               |
      |               uint8_t * {aka unsigned char *}
../Core/Src/main.c:124:29: note: expected 'uint8_t' {aka 'unsigned char'} but argument is of type 'uint8_t *' {aka 'unsigned char *'}
  124 |   int enbuyukcarpim(uint8_t buffer,int carpilacaksayi);
      |                     ~~~~~~~~^~~~~~
../Core/Src/main.c: In function 'enbuyukcarpim':
../Core/Src/main.c:255:13: warning: passing argument 2 of 'sprintf' makes pointer from integer without a cast [-Wint-conversion]
  255 |      printf(buffer);
      |             ^~~~~~
      |             |
      |             uint8_t {aka unsigned char}
../Core/Src/main.c:29:56: note: in definition of macro 'printf'
   29 |                                   sprintf((char*)u_buf,__VA_ARGS__), 0xFFFF);
      |                                                        ^~~~~~~~~~~
In file included from ../Core/Src/main.c:26:
c:\st\stm32cubeide_1.7.0\stm32cubeide\plugins\com.st.stm32cube.ide.mcu.externaltools.gnu-tools-for-stm32.9-2020-q2-update.win32_2.0.0.202105311346\tools\arm-none-eabi\include\stdio.h:244:32: note: expected 'const char * restrict' but argument is of type 'uint8_t' {aka 'unsigned char'}
  244 | int sprintf (char *__restrict, const char *__restrict, ...)
      |                                ^
../Core/Src/main.c:262:3: warning: control reaches end of non-void function [-Wreturn-type]
  262 |   }
      |   ^
arm-none-eabi-gcc -o "ALGORITMA.elf" @"objects.list"   -mcpu=cortex-m0plus -T"C:\Users\Enelsis\Desktop\enelsis\kendi github\kendi-kodlarim\Embedded systems\ALGORITMA\STM32L010C6TX_FLASH.ld" --specs=nosys.specs -Wl,-Map="ALGORITMA.map" -Wl,--gc-sections -static --specs=nano.specs -mfloat-abi=soft -mthumb -Wl,--start-group -lc -lm -Wl,--end-group
Finished building target: ALGORITMA.elf
 
arm-none-eabi-size   ALGORITMA.elf 
arm-none-eabi-objdump -h -S  ALGORITMA.elf  > "ALGORITMA.list"
arm-none-eabi-objcopy  -O binary  ALGORITMA.elf  "ALGORITMA.bin"
   text	   data	    bss	    dec	    hex	filename
  12428	   1120	   1984	  15532	   3cac	ALGORITMA.elf
Finished building: default.size.stdout
Finished building: ALGORITMA.bin
 
 
Finished building: ALGORITMA.list
 
